openCVLibrary24134/build/intermediates/manifest_merge_blame_file/debug/manifest-merger-blame-debug-report.txt
1<?xml version="1.0" encoding="utf-8"?>
2<manifest xmlns:android="http://schemas.android.com/apk/res/android"
3    package="org.opencv"
4    android:versionCode="24134"
5    android:versionName="2.4.13.4" >
6
7    <uses-sdk
7-->src\main\AndroidManifest.xml:7:5-43
8        android:minSdkVersion="15"
8-->src\main\AndroidManifest.xml:7:15-40
9        android:targetSdkVersion="26" />
9-->src\main\AndroidManifest.xml:7:5-43
10
11</manifest>